Using pre-set license
Built from '6000.0/staging' branch; Version is '6000.0.30f1 (62b05ba0686a) revision 6467675'; Using compiler version '193933523'; Build Type 'Release'
OS: 'Windows 11  (10.0.26100) 64bit Professional' Language: 'en' Physical Memory: 32606 MB
BatchMode: 1, IsHumanControllingUs: 0, StartBugReporterOnCrash: 0, Is64bit: 1, IsPro: 1

COMMAND LINE ARGUMENTS:
C:\Program Files\Unity\Hub\Editor\6000.0.30f1\Editor\Unity.exe
-adb2
-batchMode
-noUpm
-name
AssetImportWorker1
-projectPath
D:/Project/ProjectFramed/Framed
-logFile
Logs/AssetImportWorker1.log
-srvPort
52450
-job-worker-count
9
-background-job-worker-count
8
-asset-garbage-collectors
1
Successfully changed project path to: D:/Project/ProjectFramed/Framed
D:/Project/ProjectFramed/Framed
[UnityMemory] Configuration Parameters - Can be set up in boot.config
    "memorysetup-bucket-allocator-granularity=16"
    "memorysetup-bucket-allocator-bucket-count=8"
    "memorysetup-bucket-allocator-block-size=33554432"
    "memorysetup-bucket-allocator-block-count=8"
    "memorysetup-main-allocator-block-size=16777216"
    "memorysetup-thread-allocator-block-size=16777216"
    "memorysetup-gfx-main-allocator-block-size=16777216"
    "memorysetup-gfx-thread-allocator-block-size=16777216"
    "memorysetup-cache-allocator-block-size=4194304"
    "memorysetup-typetree-allocator-block-size=2097152"
    "memorysetup-profiler-bucket-allocator-granularity=16"
    "memorysetup-profiler-bucket-allocator-bucket-count=8"
    "memorysetup-profiler-bucket-allocator-block-size=33554432"
    "memorysetup-profiler-bucket-allocator-block-count=8"
    "memorysetup-profiler-allocator-block-size=16777216"
    "memorysetup-profiler-editor-allocator-block-size=1048576"
    "memorysetup-temp-allocator-size-main=16777216"
    "memorysetup-job-temp-allocator-block-size=2097152"
    "memorysetup-job-temp-allocator-block-size-background=1048576"
    "memorysetup-job-temp-allocator-reduction-small-platforms=262144"
    "memorysetup-allocator-temp-initial-block-size-main=262144"
    "memorysetup-allocator-temp-initial-block-size-worker=262144"
    "memorysetup-temp-allocator-size-background-worker=32768"
    "memorysetup-temp-allocator-size-job-worker=262144"
    "memorysetup-temp-allocator-size-preload-manager=33554432"
    "memorysetup-temp-allocator-size-nav-mesh-worker=65536"
    "memorysetup-temp-allocator-size-audio-worker=65536"
    "memorysetup-temp-allocator-size-cloud-worker=32768"
    "memorysetup-temp-allocator-size-gi-baking-worker=262144"
    "memorysetup-temp-allocator-size-gi-baking-worker=262144"
    "memorysetup-temp-allocator-size-gi-baking-worker=262144"
    "memorysetup-temp-allocator-size-gi-baking-worker=262144"
    "memorysetup-temp-allocator-size-gi-baking-worker=262144"
    "memorysetup-temp-allocator-size-gfx=262144"
Player connection [24000]  Target information:

Player connection [24000]  * "[IP] 192.168.1.19 [Port] 0 [Flags] 2 [Guid] 1832782767 [EditorId] 1832782767 [Version] 1048832 [Id] WindowsEditor(7,DESKTOP-ID3CKD3) [Debug] 1 [PackageName] WindowsEditor [ProjectName] Editor" 

Player connection [24000]  * "[IP] 26.240.244.188 [Port] 0 [Flags] 2 [Guid] 1832782767 [EditorId] 1832782767 [Version] 1048832 [Id] WindowsEditor(7,DESKTOP-ID3CKD3) [Debug] 1 [PackageName] WindowsEditor [ProjectName] Editor" 

Player connection [24000] Host joined multi-casting on [225.0.0.222:54997]...
Player connection [24000] Host joined alternative multi-casting on [225.0.0.222:34997]...
JobSystem: Creating JobQueue using job-worker-count value 9
[Physics::Module] Initialized fallback backend.
[Physics::Module] Id: 0xdecafbad
Library Redirect Path: Library/
[Physics::Module] Selected backend.
[Physics::Module] Name: PhysX
[Physics::Module] Id: 0xf2b8ea05
[Physics::Module] SDK Version: 4.1.2
[Physics::Module] Integration Version: 1.0.0
[Physics::Module] Threading Mode: Multi-Threaded
Refreshing native plugins compatible for Editor in 1.16 ms, found 3 plugins.
Preloading 0 native plugins for Editor in 0.00 ms.
Initialize engine version: 6000.0.30f1 (62b05ba0686a)
[Subsystems] Discovering subsystems at path C:/Program Files/Unity/Hub/Editor/6000.0.30f1/Editor/Data/Resources/UnitySubsystems
[Subsystems] Discovering subsystems at path D:/Project/ProjectFramed/Framed/Assets
GfxDevice: creating device client; kGfxThreadingModeNonThreaded
Direct3D:
    Version:  Direct3D 11.0 [level 11.1]
    Renderer: NVIDIA GeForce RTX 3060 (ID=0x2487)
    Vendor:   NVIDIA
    VRAM:     12110 MB
    Driver:   32.0.15.6094
Initialize mono
Mono path[0] = 'C:/Program Files/Unity/Hub/Editor/6000.0.30f1/Editor/Data/Managed'
Mono path[1] = 'C:/Program Files/Unity/Hub/Editor/6000.0.30f1/Editor/Data/MonoBleedingEdge/lib/mono/unityjit-win32'
Mono config path = 'C:/Program Files/Unity/Hub/Editor/6000.0.30f1/Editor/Data/MonoBleedingEdge/etc'
Using monoOptions --debugger-agent=transport=dt_socket,embedding=1,server=y,suspend=n,address=127.0.0.1:56324
Begin MonoManager ReloadAssembly
Registering precompiled unity dll's ...
Register platform support module: C:/Program Files/Unity/Hub/Editor/6000.0.30f1/Editor/Data/PlaybackEngines/WindowsStandaloneSupport/UnityEditor.WindowsStandalone.Extensions.dll
Registered in 0.001771 seconds.
- Loaded All Assemblies, in  0.308 seconds
Native extension for WindowsStandalone target not found
Mono: successfully reloaded assembly
- Finished resetting the current domain, in  0.276 seconds
Domain Reload Profiling: 583ms
	BeginReloadAssembly (106ms)
		ExecutionOrderSort (0ms)
		DisableScriptedObjects (0ms)
		BackupInstance (0ms)
		ReleaseScriptingObjects (0ms)
		CreateAndSetChildDomain (1ms)
	RebuildCommonClasses (30ms)
	RebuildNativeTypeToScriptingClass (9ms)
	initialDomainReloadingComplete (38ms)
	LoadAllAssembliesAndSetupDomain (123ms)
		LoadAssemblies (103ms)
		RebuildTransferFunctionScriptingTraits (0ms)
		AnalyzeDomain (121ms)
			TypeCache.Refresh (120ms)
				TypeCache.ScanAssembly (109ms)
			BuildScriptInfoCaches (0ms)
			ResolveRequiredComponents (0ms)
	FinalizeReload (277ms)
		ReleaseScriptCaches (0ms)
		RebuildScriptCaches (0ms)
		SetupLoadedEditorAssemblies (235ms)
			LogAssemblyErrors (0ms)
			InitializePlatformSupportModulesInManaged (22ms)
			SetLoadedEditorAssemblies (5ms)
			BeforeProcessingInitializeOnLoad (43ms)
			ProcessInitializeOnLoadAttributes (124ms)
			ProcessInitializeOnLoadMethodAttributes (42ms)
			AfterProcessingInitializeOnLoad (0ms)
			EditorAssembliesLoaded (0ms)
		ExecutionOrderSort2 (0ms)
		AwakeInstancesAfterBackupRestoration (0ms)
========================================================================
Worker process is ready to serve import requests
Import Worker Mode flag is 0x00
Begin MonoManager ReloadAssembly
- Loaded All Assemblies, in  0.679 seconds
Refreshing native plugins compatible for Editor in 0.47 ms, found 3 plugins.
Native extension for WindowsStandalone target not found
[MODES] ModeService[none].Initialize
[MODES] ModeService[none].LoadModes
[MODES] Loading mode Default (0) for mode-current-id-Framed
Mono: successfully reloaded assembly
- Finished resetting the current domain, in  0.673 seconds
Domain Reload Profiling: 1350ms
	BeginReloadAssembly (139ms)
		ExecutionOrderSort (0ms)
		DisableScriptedObjects (5ms)
		BackupInstance (0ms)
		ReleaseScriptingObjects (0ms)
		CreateAndSetChildDomain (23ms)
	RebuildCommonClasses (27ms)
	RebuildNativeTypeToScriptingClass (10ms)
	initialDomainReloadingComplete (29ms)
	LoadAllAssembliesAndSetupDomain (471ms)
		LoadAssemblies (305ms)
		RebuildTransferFunctionScriptingTraits (0ms)
		AnalyzeDomain (249ms)
			TypeCache.Refresh (175ms)
				TypeCache.ScanAssembly (161ms)
			BuildScriptInfoCaches (62ms)
			ResolveRequiredComponents (9ms)
	FinalizeReload (674ms)
		ReleaseScriptCaches (0ms)
		RebuildScriptCaches (0ms)
		SetupLoadedEditorAssemblies (540ms)
			LogAssemblyErrors (0ms)
			InitializePlatformSupportModulesInManaged (2ms)
			SetLoadedEditorAssemblies (4ms)
			BeforeProcessingInitializeOnLoad (83ms)
			ProcessInitializeOnLoadAttributes (355ms)
			ProcessInitializeOnLoadMethodAttributes (92ms)
			AfterProcessingInitializeOnLoad (4ms)
			EditorAssembliesLoaded (0ms)
		ExecutionOrderSort2 (0ms)
		AwakeInstancesAfterBackupRestoration (7ms)
Launched and connected shader compiler UnityShaderCompiler.exe after 0.09 seconds
Refreshing native plugins compatible for Editor in 0.50 ms, found 3 plugins.
Preloading 0 native plugins for Editor in 0.00 ms.
Unloading 287 Unused Serialized files (Serialized files now loaded: 0)
Unloading 7072 unused Assets / (7.6 MB). Loaded Objects now: 7831.
Memory consumption went from 210.6 MB to 202.9 MB.
Total: 7.453900 ms (FindLiveObjects: 0.710500 ms CreateObjectMapping: 0.732000 ms MarkObjects: 3.622400 ms  DeleteObjects: 2.387100 ms)

========================================================================
Received Import Request.
  Time since last request: 6952.734664 seconds.
  path: Assets/Models/Piano/grand piano_Bench_ARM.png
  artifactKey: Guid(afdabd138add5ad4980c89e06709a303) Importer(815301076,1909f56bfc062723c751e8b465ee728b)
Start importing Assets/Models/Piano/grand piano_Bench_ARM.png using Guid(afdabd138add5ad4980c89e06709a303) Importer(815301076,1909f56bfc062723c751e8b465ee728b) (PreviewImporter) -> (artifact id: '96002a31d209fc580385a3c56f655497') in 0.2547047 seconds
Number of updated asset objects reloaded before import = 0Number of asset objects unloaded after import = 2

========================================================================
Received Import Request.
  Time since last request: 0.000020 seconds.
  path: Assets/Models/Piano/grand piano_Piano_BaseColor.png
  artifactKey: Guid(7c144b002d2ca0e49bc626e8fdadc4c2) Importer(815301076,1909f56bfc062723c751e8b465ee728b)
Start importing Assets/Models/Piano/grand piano_Piano_BaseColor.png using Guid(7c144b002d2ca0e49bc626e8fdadc4c2) Importer(815301076,1909f56bfc062723c751e8b465ee728b) (PreviewImporter) -> (artifact id: 'cc0640708b4f43f59393a4b001d3dddf') in 0.0086095 seconds
Number of updated asset objects reloaded before import = 0Number of asset objects unloaded after import = 2

========================================================================
Received Import Request.
  Time since last request: 0.000019 seconds.
  path: Assets/Models/Piano/grand piano_Piano_Normal.png
  artifactKey: Guid(7517fefade9fa824891941050ea38639) Importer(815301076,1909f56bfc062723c751e8b465ee728b)
Start importing Assets/Models/Piano/grand piano_Piano_Normal.png using Guid(7517fefade9fa824891941050ea38639) Importer(815301076,1909f56bfc062723c751e8b465ee728b) (PreviewImporter) -> (artifact id: 'd0bf5bab30b04fd29fb5ace54dc30018') in 0.0096632 seconds
Number of updated asset objects reloaded before import = 0Number of asset objects unloaded after import = 2

========================================================================
Received Import Request.
  Time since last request: 0.000014 seconds.
  path: Assets/Models/Piano/grand piano_Piano_Roughness.png
  artifactKey: Guid(a61db00908a3b894b8f9ae711c451041) Importer(815301076,1909f56bfc062723c751e8b465ee728b)
Start importing Assets/Models/Piano/grand piano_Piano_Roughness.png using Guid(a61db00908a3b894b8f9ae711c451041) Importer(815301076,1909f56bfc062723c751e8b465ee728b) (PreviewImporter) -> (artifact id: '01aaf9f8000d76943e78b430d18530a2') in 0.0087284 seconds
Number of updated asset objects reloaded before import = 0Number of asset objects unloaded after import = 2

========================================================================
Received Import Request.
  Time since last request: 0.000010 seconds.
  path: Assets/Models/Piano/grand piano_Bench_Metallic.png
  artifactKey: Guid(e7943c837dde051479208cf81b176313) Importer(815301076,1909f56bfc062723c751e8b465ee728b)
Start importing Assets/Models/Piano/grand piano_Bench_Metallic.png using Guid(e7943c837dde051479208cf81b176313) Importer(815301076,1909f56bfc062723c751e8b465ee728b) (PreviewImporter) -> (artifact id: '93fb9dee480ae5bb67045bf0a7c7ef18') in 0.1180996 seconds
Number of updated asset objects reloaded before import = 0Number of asset objects unloaded after import = 2

========================================================================
Received Import Request.
  Time since last request: 66.314425 seconds.
  path: Assets/Models/Piano/Bench 1.mat
  artifactKey: Guid(af7fd65de21ed9e48bf454b291009895) Importer(815301076,1909f56bfc062723c751e8b465ee728b)
Start importing Assets/Models/Piano/Bench 1.mat using Guid(af7fd65de21ed9e48bf454b291009895) Importer(815301076,1909f56bfc062723c751e8b465ee728b) (PreviewImporter) -> (artifact id: '1973361adf28681f41e840e71bae1dae') in 0.3826992 seconds
Number of updated asset objects reloaded before import = 0Number of asset objects unloaded after import = 4

========================================================================
Received Import Request.
  Time since last request: 89.422672 seconds.
  path: Assets/Models/Piano/Piani.mat
  artifactKey: Guid(1d33a2460b71b194f8074b1ab620efab) Importer(815301076,1909f56bfc062723c751e8b465ee728b)
Start importing Assets/Models/Piano/Piani.mat using Guid(1d33a2460b71b194f8074b1ab620efab) Importer(815301076,1909f56bfc062723c751e8b465ee728b) (PreviewImporter) -> (artifact id: '135097045663b51a0bc6f7ceeb4b03fd') in 0.0423264 seconds
Number of updated asset objects reloaded before import = 0Number of asset objects unloaded after import = 1

========================================================================
Received Import Request.
  Time since last request: 515.087726 seconds.
  path: Assets/Models/Interior - GeniusCrate_Games/Kitchen_Set/Prefab/Kitchen_Dining_Set/Dining_Table_Set.prefab
  artifactKey: Guid(4ac829e68a6a8304d98b56723ea3c515) Importer(815301076,1909f56bfc062723c751e8b465ee728b)
Start importing Assets/Models/Interior - GeniusCrate_Games/Kitchen_Set/Prefab/Kitchen_Dining_Set/Dining_Table_Set.prefab using Guid(4ac829e68a6a8304d98b56723ea3c515) Importer(815301076,1909f56bfc062723c751e8b465ee728b) (PreviewImporter) -> (artifact id: 'be06e632bae41b344f68e2358d8c3168') in 0.3677651 seconds
Number of updated asset objects reloaded before import = 0Number of asset objects unloaded after import = 80

========================================================================
Received Import Request.
  Time since last request: 0.012823 seconds.
  path: Assets/Package04_Free_Kitchen/FreeKitchen/Prefabs/Version03/FreeTable.prefab
  artifactKey: Guid(5b91314bfbfb94a0fbda920dc4c05873) Importer(815301076,1909f56bfc062723c751e8b465ee728b)
Start importing Assets/Package04_Free_Kitchen/FreeKitchen/Prefabs/Version03/FreeTable.prefab using Guid(5b91314bfbfb94a0fbda920dc4c05873) Importer(815301076,1909f56bfc062723c751e8b465ee728b) (PreviewImporter) -> (artifact id: '7fc82dc09a22c7a02d62db27a2a92f95') in 0.2560392 seconds
Number of updated asset objects reloaded before import = 0Number of asset objects unloaded after import = 13

========================================================================
Received Import Request.
  Time since last request: 5.884565 seconds.
  path: Assets/Models/Interior - GeniusCrate_Games/Table_Set/Prefab/Table_Set/Table_01.prefab
  artifactKey: Guid(b92558c7d5302cc499c0d20913f61c1f) Importer(815301076,1909f56bfc062723c751e8b465ee728b)
Start importing Assets/Models/Interior - GeniusCrate_Games/Table_Set/Prefab/Table_Set/Table_01.prefab using Guid(b92558c7d5302cc499c0d20913f61c1f) Importer(815301076,1909f56bfc062723c751e8b465ee728b) (PreviewImporter) -> (artifact id: '900f49ff793707a11b1680119d25156a') in 0.4263499 seconds
Number of updated asset objects reloaded before import = 0Number of asset objects unloaded after import = 38

========================================================================
Received Import Request.
  Time since last request: 0.000021 seconds.
  path: Assets/Models/Interior - GeniusCrate_Games/Table_Set/Texture Maps/Table_Set/Table_02/Table_02_ambient_occlusion.png
  artifactKey: Guid(22c6155255042e145ae6b23cd7b33a26) Importer(815301076,1909f56bfc062723c751e8b465ee728b)
Start importing Assets/Models/Interior - GeniusCrate_Games/Table_Set/Texture Maps/Table_Set/Table_02/Table_02_ambient_occlusion.png using Guid(22c6155255042e145ae6b23cd7b33a26) Importer(815301076,1909f56bfc062723c751e8b465ee728b) (PreviewImporter) -> (artifact id: '0395c7c16ec6bbcf78883e9374def69f') in 0.0116198 seconds
Number of updated asset objects reloaded before import = 0Number of asset objects unloaded after import = 2

========================================================================
Received Import Request.
  Time since last request: 0.000026 seconds.
  path: Assets/Models/Interior - GeniusCrate_Games/Table_Set/Texture Maps/Table_Set/Table_02/Table_02_BaseColor.png
  artifactKey: Guid(8dec9c28a1763ec4ea4b3cacd4b32c6a) Importer(815301076,1909f56bfc062723c751e8b465ee728b)
Start importing Assets/Models/Interior - GeniusCrate_Games/Table_Set/Texture Maps/Table_Set/Table_02/Table_02_BaseColor.png using Guid(8dec9c28a1763ec4ea4b3cacd4b32c6a) Importer(815301076,1909f56bfc062723c751e8b465ee728b) (PreviewImporter) -> (artifact id: '9301d9b2e843d7fc9dd56e1f01a41ab9') in 0.0352259 seconds
Number of updated asset objects reloaded before import = 0Number of asset objects unloaded after import = 2

========================================================================
Received Import Request.
  Time since last request: 0.000017 seconds.
  path: Assets/Models/Interior - GeniusCrate_Games/Table_Set/Texture Maps/Table_Set/Table_01/Table_01_Normal.png
  artifactKey: Guid(38b3e54c4cbfd1a49b46bb28918074ca) Importer(815301076,1909f56bfc062723c751e8b465ee728b)
Start importing Assets/Models/Interior - GeniusCrate_Games/Table_Set/Texture Maps/Table_Set/Table_01/Table_01_Normal.png using Guid(38b3e54c4cbfd1a49b46bb28918074ca) Importer(815301076,1909f56bfc062723c751e8b465ee728b) (PreviewImporter) -> (artifact id: 'df84d9568594f747165ad7d7725a6014') in 0.0157891 seconds
Number of updated asset objects reloaded before import = 0Number of asset objects unloaded after import = 2

========================================================================
Received Import Request.
  Time since last request: 0.000021 seconds.
  path: Assets/Models/Interior - GeniusCrate_Games/Table_Set/Texture Maps/Table_Set/Table_02/Table_02_Height.png
  artifactKey: Guid(84f4cafe98a20b54fb12e6b790a50911) Importer(815301076,1909f56bfc062723c751e8b465ee728b)
Start importing Assets/Models/Interior - GeniusCrate_Games/Table_Set/Texture Maps/Table_Set/Table_02/Table_02_Height.png using Guid(84f4cafe98a20b54fb12e6b790a50911) Importer(815301076,1909f56bfc062723c751e8b465ee728b) (PreviewImporter) -> (artifact id: 'a4df46181182f19b7d1228cc5cbb8e11') in 0.0715723 seconds
Number of updated asset objects reloaded before import = 0Number of asset objects unloaded after import = 2

========================================================================
Received Import Request.
  Time since last request: 0.000019 seconds.
  path: Assets/Models/Interior - GeniusCrate_Games/Table_Set/Prefab/Table_Set/Table_03.prefab
  artifactKey: Guid(2f78a3af98e16e64fa9db3dbd74cf17f) Importer(815301076,1909f56bfc062723c751e8b465ee728b)
Start importing Assets/Models/Interior - GeniusCrate_Games/Table_Set/Prefab/Table_Set/Table_03.prefab using Guid(2f78a3af98e16e64fa9db3dbd74cf17f) Importer(815301076,1909f56bfc062723c751e8b465ee728b) (PreviewImporter) -> (artifact id: '5512c590a0c436712add83ac6b03babf') in 0.0605165 seconds
Number of updated asset objects reloaded before import = 0Number of asset objects unloaded after import = 20

========================================================================
Received Import Request.
  Time since last request: 0.000029 seconds.
  path: Assets/Models/Interior - GeniusCrate_Games/Table_Set/Texture Maps/Table_Set/Table_02/Table_02_Metallic.png
  artifactKey: Guid(50b0ba4cb29e3564f914f03401518486) Importer(815301076,1909f56bfc062723c751e8b465ee728b)
Start importing Assets/Models/Interior - GeniusCrate_Games/Table_Set/Texture Maps/Table_Set/Table_02/Table_02_Metallic.png using Guid(50b0ba4cb29e3564f914f03401518486) Importer(815301076,1909f56bfc062723c751e8b465ee728b) (PreviewImporter) -> (artifact id: '9b6521be7c8ec8d08027c090b4d2f3ce') in 0.0114319 seconds
Number of updated asset objects reloaded before import = 0Number of asset objects unloaded after import = 2

========================================================================
Received Import Request.
  Time since last request: 0.000026 seconds.
  path: Assets/Models/Interior - GeniusCrate_Games/Table_Set/Prefab/Table_Set/Table_04.prefab
  artifactKey: Guid(e86b607761ed518428dac7ec9ae290a7) Importer(815301076,1909f56bfc062723c751e8b465ee728b)
Start importing Assets/Models/Interior - GeniusCrate_Games/Table_Set/Prefab/Table_Set/Table_04.prefab using Guid(e86b607761ed518428dac7ec9ae290a7) Importer(815301076,1909f56bfc062723c751e8b465ee728b) (PreviewImporter) -> (artifact id: '6ddba8610f0e775ab86d074fd17ed84a') in 0.2735388 seconds
Number of updated asset objects reloaded before import = 0Number of asset objects unloaded after import = 20

========================================================================
Received Import Request.
  Time since last request: 0.000022 seconds.
  path: Assets/Models/Interior - GeniusCrate_Games/Table_Set/Texture Maps/Table_Set/Table_Light04/Table_04_Metallic.png
  artifactKey: Guid(05316928d5102f54e88a91be57260ad5) Importer(815301076,1909f56bfc062723c751e8b465ee728b)
Start importing Assets/Models/Interior - GeniusCrate_Games/Table_Set/Texture Maps/Table_Set/Table_Light04/Table_04_Metallic.png using Guid(05316928d5102f54e88a91be57260ad5) Importer(815301076,1909f56bfc062723c751e8b465ee728b) (PreviewImporter) -> (artifact id: 'cf70076bc9a3587a78d935b8b25f91dc') in 0.034415 seconds
Number of updated asset objects reloaded before import = 0Number of asset objects unloaded after import = 2

========================================================================
Received Import Request.
  Time since last request: 0.000024 seconds.
  path: Assets/Models/Brick Project Studio/Apartment Kit/_Prefabs/Furniture/Living Room/Table_Computer_01.prefab
  artifactKey: Guid(85e9540880fc7824c8aff31eb2cc6498) Importer(815301076,1909f56bfc062723c751e8b465ee728b)
Start importing Assets/Models/Brick Project Studio/Apartment Kit/_Prefabs/Furniture/Living Room/Table_Computer_01.prefab using Guid(85e9540880fc7824c8aff31eb2cc6498) Importer(815301076,1909f56bfc062723c751e8b465ee728b) (PreviewImporter) -> (artifact id: '95f5f8dacc32a6955111f6d70dc4bfd5') in 0.1053239 seconds
Number of updated asset objects reloaded before import = 0Number of asset objects unloaded after import = 74

========================================================================
Received Import Request.
  Time since last request: 0.000025 seconds.
  path: Assets/Models/Brick Project Studio/Apartment Kit/_Prefabs/Furniture/Living Room/Table_Coffee_01.prefab
  artifactKey: Guid(8c62e0f64b2956748ab5f5ece60bc90c) Importer(815301076,1909f56bfc062723c751e8b465ee728b)
Start importing Assets/Models/Brick Project Studio/Apartment Kit/_Prefabs/Furniture/Living Room/Table_Coffee_01.prefab using Guid(8c62e0f64b2956748ab5f5ece60bc90c) Importer(815301076,1909f56bfc062723c751e8b465ee728b) (PreviewImporter) -> (artifact id: '8c4d2b73c642f0e20d6c19e38ee3293c') in 0.1854663 seconds
Number of updated asset objects reloaded before import = 0Number of asset objects unloaded after import = 27

========================================================================
Received Import Request.
  Time since last request: 0.000023 seconds.
  path: Assets/Models/Brick Project Studio/Apartment Kit/_Prefabs/Furniture/Bedroom/Table_End_02.prefab
  artifactKey: Guid(28f3f85a3fb032b4cbee99b8dd59df44) Importer(815301076,1909f56bfc062723c751e8b465ee728b)
Start importing Assets/Models/Brick Project Studio/Apartment Kit/_Prefabs/Furniture/Bedroom/Table_End_02.prefab using Guid(28f3f85a3fb032b4cbee99b8dd59df44) Importer(815301076,1909f56bfc062723c751e8b465ee728b) (PreviewImporter) -> (artifact id: 'f53c2ddea9c51b42c5e65f96f4158c1d') in 0.4142372 seconds
Number of updated asset objects reloaded before import = 0Number of asset objects unloaded after import = 38

========================================================================
Received Import Request.
  Time since last request: 0.000042 seconds.
  path: Assets/Models/Interior - GeniusCrate_Games/Table_Set/Texture Maps/Table_Set/Table_04/Table_04_Normal.png
  artifactKey: Guid(6e0d3f6c6123d194191c1e7170d92e9a) Importer(815301076,1909f56bfc062723c751e8b465ee728b)
Start importing Assets/Models/Interior - GeniusCrate_Games/Table_Set/Texture Maps/Table_Set/Table_04/Table_04_Normal.png using Guid(6e0d3f6c6123d194191c1e7170d92e9a) Importer(815301076,1909f56bfc062723c751e8b465ee728b) (PreviewImporter) -> (artifact id: 'e8a378ee2b4e438a5f6b978ec9be7a76') in 0.0163178 seconds
Number of updated asset objects reloaded before import = 0Number of asset objects unloaded after import = 2

========================================================================
Received Import Request.
  Time since last request: 0.000026 seconds.
  path: Assets/Models/Brick Project Studio/Apartment Kit/_Prefabs/Furniture/Bedroom/Table_End_01.prefab
  artifactKey: Guid(c15f037642a1e1b439d19869e86e1ddf) Importer(815301076,1909f56bfc062723c751e8b465ee728b)
Start importing Assets/Models/Brick Project Studio/Apartment Kit/_Prefabs/Furniture/Bedroom/Table_End_01.prefab using Guid(c15f037642a1e1b439d19869e86e1ddf) Importer(815301076,1909f56bfc062723c751e8b465ee728b) (PreviewImporter) -> (artifact id: 'c8115b98830d56fc8964dbad7e644f6a') in 0.0235579 seconds
Number of updated asset objects reloaded before import = 0Number of asset objects unloaded after import = 55

========================================================================
Received Import Request.
  Time since last request: 0.000034 seconds.
  path: Assets/Models/Brick Project Studio/Apartment Kit/_Prefabs/Furniture/Living Room/Table_Dining_Apt_01_Setup Variant.prefab
  artifactKey: Guid(8949b4a88fb989e4483115e02dfafc96) Importer(815301076,1909f56bfc062723c751e8b465ee728b)
Start importing Assets/Models/Brick Project Studio/Apartment Kit/_Prefabs/Furniture/Living Room/Table_Dining_Apt_01_Setup Variant.prefab using Guid(8949b4a88fb989e4483115e02dfafc96) Importer(815301076,1909f56bfc062723c751e8b465ee728b) (PreviewImporter) -> (artifact id: '06b4cbb5b5b483bc957451e88c37f7fb') in 0.1494333 seconds
Number of updated asset objects reloaded before import = 0Number of asset objects unloaded after import = 90

========================================================================
Received Import Request.
  Time since last request: 0.000029 seconds.
  path: Assets/Models/Interior - GeniusCrate_Games/Table_Set/Texture Maps/Table_Set/Table_Light04/Table_04_Height.png
  artifactKey: Guid(11d482e8a859b6747a120af5972fdbd2) Importer(815301076,1909f56bfc062723c751e8b465ee728b)
Start importing Assets/Models/Interior - GeniusCrate_Games/Table_Set/Texture Maps/Table_Set/Table_Light04/Table_04_Height.png using Guid(11d482e8a859b6747a120af5972fdbd2) Importer(815301076,1909f56bfc062723c751e8b465ee728b) (PreviewImporter) -> (artifact id: '6157776c1b287ed70abf9bdaa55d8be8') in 0.0062415 seconds
Number of updated asset objects reloaded before import = 0Number of asset objects unloaded after import = 2

========================================================================
Received Import Request.
  Time since last request: 133.477248 seconds.
  path: Assets/Models/CoffeeMaker/coffee maker_Mtl-coffeemaker_Emissive.jpg
  artifactKey: Guid(ca4d7343b70e4554d866302903b164b9) Importer(815301076,1909f56bfc062723c751e8b465ee728b)
Start importing Assets/Models/CoffeeMaker/coffee maker_Mtl-coffeemaker_Emissive.jpg using Guid(ca4d7343b70e4554d866302903b164b9) Importer(815301076,1909f56bfc062723c751e8b465ee728b) (PreviewImporter) -> (artifact id: '6766c66b17f3e953f8f5dd83c3a4575d') in 0.0155668 seconds
Number of updated asset objects reloaded before import = 0Number of asset objects unloaded after import = 2

========================================================================
Received Import Request.
  Time since last request: 0.000021 seconds.
  path: Assets/Models/CoffeeMaker/coffee maker_Mtl-coffeemaker_Roughness.jpg
  artifactKey: Guid(c25a4b685aecf5b449afa10c73f04750) Importer(815301076,1909f56bfc062723c751e8b465ee728b)
Start importing Assets/Models/CoffeeMaker/coffee maker_Mtl-coffeemaker_Roughness.jpg using Guid(c25a4b685aecf5b449afa10c73f04750) Importer(815301076,1909f56bfc062723c751e8b465ee728b) (PreviewImporter) -> (artifact id: '40664a2b494608d8b0b9f2a8a92cad2c') in 0.0371704 seconds
Number of updated asset objects reloaded before import = 0Number of asset objects unloaded after import = 2

========================================================================
Received Import Request.
  Time since last request: 0.000018 seconds.
  path: Assets/Models/CoffeeMaker/coffee maker_Mtl-coffeemaker_IOR.jpg
  artifactKey: Guid(40428ac843d810848bc454e579a9a66d) Importer(815301076,1909f56bfc062723c751e8b465ee728b)
Start importing Assets/Models/CoffeeMaker/coffee maker_Mtl-coffeemaker_IOR.jpg using Guid(40428ac843d810848bc454e579a9a66d) Importer(815301076,1909f56bfc062723c751e8b465ee728b) (PreviewImporter) -> (artifact id: '60b9747e4462488be23427f356b97a64') in 0.0130338 seconds
Number of updated asset objects reloaded before import = 0Number of asset objects unloaded after import = 2

========================================================================
Received Import Request.
  Time since last request: 0.000022 seconds.
  path: Assets/Models/CoffeeMaker/coffee maker_Mtl-coffeemaker_Metallic.jpg
  artifactKey: Guid(edef71bff9a9e4e44ab77950b0cf63cb) Importer(815301076,1909f56bfc062723c751e8b465ee728b)
Start importing Assets/Models/CoffeeMaker/coffee maker_Mtl-coffeemaker_Metallic.jpg using Guid(edef71bff9a9e4e44ab77950b0cf63cb) Importer(815301076,1909f56bfc062723c751e8b465ee728b) (PreviewImporter) -> (artifact id: 'bd2d10f31f36f350ccee58ea8c93a744') in 0.0126946 seconds
Number of updated asset objects reloaded before import = 0Number of asset objects unloaded after import = 2

========================================================================
Received Import Request.
  Time since last request: 0.000023 seconds.
  path: Assets/Models/CoffeeMaker/coffee maker_Mtl-coffeemaker_Glossiness .jpg
  artifactKey: Guid(354a141cf8416fe4b9163b56f97f86c8) Importer(815301076,1909f56bfc062723c751e8b465ee728b)
Start importing Assets/Models/CoffeeMaker/coffee maker_Mtl-coffeemaker_Glossiness .jpg using Guid(354a141cf8416fe4b9163b56f97f86c8) Importer(815301076,1909f56bfc062723c751e8b465ee728b) (PreviewImporter) -> (artifact id: '8fa2b610d00cafc12c69c1c02608068c') in 0.014001 seconds
Number of updated asset objects reloaded before import = 0Number of asset objects unloaded after import = 2

========================================================================
Received Import Request.
  Time since last request: 647.120525 seconds.
  path: Assets/Models/cactus/cactus_gasteria_DIF_1k.jpg
  artifactKey: Guid(f6dc61b93888e624483de9f2d279abdb) Importer(815301076,1909f56bfc062723c751e8b465ee728b)
Start importing Assets/Models/cactus/cactus_gasteria_DIF_1k.jpg using Guid(f6dc61b93888e624483de9f2d279abdb) Importer(815301076,1909f56bfc062723c751e8b465ee728b) (PreviewImporter) -> (artifact id: '61ac3e8e574f7bed18c0e65dc2742e15') in 0.0315039 seconds
Number of updated asset objects reloaded before import = 0Number of asset objects unloaded after import = 2

========================================================================
Received Import Request.
  Time since last request: 0.000034 seconds.
  path: Assets/Models/cactus/ceramic_struktur_DIF_1k.jpg
  artifactKey: Guid(50b1900d794cc864a8ebf05c976974d2) Importer(815301076,1909f56bfc062723c751e8b465ee728b)
Start importing Assets/Models/cactus/ceramic_struktur_DIF_1k.jpg using Guid(50b1900d794cc864a8ebf05c976974d2) Importer(815301076,1909f56bfc062723c751e8b465ee728b) (PreviewImporter) -> (artifact id: 'b8db4cbc272b8c71329d5c3e61fdfd14') in 0.0188463 seconds
Number of updated asset objects reloaded before import = 0Number of asset objects unloaded after import = 2

