Using pre-set license
Built from '6000.0/staging' branch; Version is '6000.0.30f1 (62b05ba0686a) revision 6467675'; Using compiler version '193933523'; Build Type 'Release'
OS: 'Windows 11  (10.0.26100) 64bit Professional' Language: 'en' Physical Memory: 32606 MB
BatchMode: 1, IsHumanControllingUs: 0, StartBugReporterOnCrash: 0, Is64bit: 1, IsPro: 1

COMMAND LINE ARGUMENTS:
C:\Program Files\Unity\Hub\Editor\6000.0.30f1\Editor\Unity.exe
-adb2
-batchMode
-noUpm
-name
AssetImportWorker0
-projectPath
D:/Project/ProjectFramed/Framed
-logFile
Logs/AssetImportWorker0.log
-srvPort
53987
-job-worker-count
9
-background-job-worker-count
8
-asset-garbage-collectors
1
Successfully changed project path to: D:/Project/ProjectFramed/Framed
D:/Project/ProjectFramed/Framed
[UnityMemory] Configuration Parameters - Can be set up in boot.config
    "memorysetup-bucket-allocator-granularity=16"
    "memorysetup-bucket-allocator-bucket-count=8"
    "memorysetup-bucket-allocator-block-size=33554432"
    "memorysetup-bucket-allocator-block-count=8"
    "memorysetup-main-allocator-block-size=16777216"
    "memorysetup-thread-allocator-block-size=16777216"
    "memorysetup-gfx-main-allocator-block-size=16777216"
    "memorysetup-gfx-thread-allocator-block-size=16777216"
    "memorysetup-cache-allocator-block-size=4194304"
    "memorysetup-typetree-allocator-block-size=2097152"
    "memorysetup-profiler-bucket-allocator-granularity=16"
    "memorysetup-profiler-bucket-allocator-bucket-count=8"
    "memorysetup-profiler-bucket-allocator-block-size=33554432"
    "memorysetup-profiler-bucket-allocator-block-count=8"
    "memorysetup-profiler-allocator-block-size=16777216"
    "memorysetup-profiler-editor-allocator-block-size=1048576"
    "memorysetup-temp-allocator-size-main=16777216"
    "memorysetup-job-temp-allocator-block-size=2097152"
    "memorysetup-job-temp-allocator-block-size-background=1048576"
    "memorysetup-job-temp-allocator-reduction-small-platforms=262144"
    "memorysetup-allocator-temp-initial-block-size-main=262144"
    "memorysetup-allocator-temp-initial-block-size-worker=262144"
    "memorysetup-temp-allocator-size-background-worker=32768"
    "memorysetup-temp-allocator-size-job-worker=262144"
    "memorysetup-temp-allocator-size-preload-manager=33554432"
    "memorysetup-temp-allocator-size-nav-mesh-worker=65536"
    "memorysetup-temp-allocator-size-audio-worker=65536"
    "memorysetup-temp-allocator-size-cloud-worker=32768"
    "memorysetup-temp-allocator-size-gi-baking-worker=262144"
    "memorysetup-temp-allocator-size-gi-baking-worker=262144"
    "memorysetup-temp-allocator-size-gi-baking-worker=262144"
    "memorysetup-temp-allocator-size-gi-baking-worker=262144"
    "memorysetup-temp-allocator-size-gi-baking-worker=262144"
    "memorysetup-temp-allocator-size-gfx=262144"
Player connection [24088]  Target information:

Player connection [24088]  * "[IP] 192.168.1.10 [Port] 0 [Flags] 2 [Guid] 1639454255 [EditorId] 1639454255 [Version] 1048832 [Id] WindowsEditor(7,DESKTOP-ID3CKD3) [Debug] 1 [PackageName] WindowsEditor [ProjectName] Editor" 

Player connection [24088]  * "[IP] 26.240.244.188 [Port] 0 [Flags] 2 [Guid] 1639454255 [EditorId] 1639454255 [Version] 1048832 [Id] WindowsEditor(7,DESKTOP-ID3CKD3) [Debug] 1 [PackageName] WindowsEditor [ProjectName] Editor" 

Player connection [24088] Host joined multi-casting on [225.0.0.222:54997]...
Player connection [24088] Host joined alternative multi-casting on [225.0.0.222:34997]...
JobSystem: Creating JobQueue using job-worker-count value 9
[Physics::Module] Initialized fallback backend.
[Physics::Module] Id: 0xdecafbad
Library Redirect Path: Library/
[Physics::Module] Selected backend.
[Physics::Module] Name: PhysX
[Physics::Module] Id: 0xf2b8ea05
[Physics::Module] SDK Version: 4.1.2
[Physics::Module] Integration Version: 1.0.0
[Physics::Module] Threading Mode: Multi-Threaded
Refreshing native plugins compatible for Editor in 0.91 ms, found 3 plugins.
Preloading 0 native plugins for Editor in 0.00 ms.
Initialize engine version: 6000.0.30f1 (62b05ba0686a)
[Subsystems] Discovering subsystems at path C:/Program Files/Unity/Hub/Editor/6000.0.30f1/Editor/Data/Resources/UnitySubsystems
[Subsystems] Discovering subsystems at path D:/Project/ProjectFramed/Framed/Assets
GfxDevice: creating device client; kGfxThreadingModeNonThreaded
Direct3D:
    Version:  Direct3D 11.0 [level 11.1]
    Renderer: NVIDIA GeForce RTX 3060 (ID=0x2487)
    Vendor:   NVIDIA
    VRAM:     12110 MB
    Driver:   32.0.15.6094
Initialize mono
Mono path[0] = 'C:/Program Files/Unity/Hub/Editor/6000.0.30f1/Editor/Data/Managed'
Mono path[1] = 'C:/Program Files/Unity/Hub/Editor/6000.0.30f1/Editor/Data/MonoBleedingEdge/lib/mono/unityjit-win32'
Mono config path = 'C:/Program Files/Unity/Hub/Editor/6000.0.30f1/Editor/Data/MonoBleedingEdge/etc'
Using monoOptions --debugger-agent=transport=dt_socket,embedding=1,server=y,suspend=n,address=127.0.0.1:56180
Begin MonoManager ReloadAssembly
Registering precompiled unity dll's ...
Register platform support module: C:/Program Files/Unity/Hub/Editor/6000.0.30f1/Editor/Data/PlaybackEngines/WindowsStandaloneSupport/UnityEditor.WindowsStandalone.Extensions.dll
Registered in 0.002109 seconds.
- Loaded All Assemblies, in  0.306 seconds
Native extension for WindowsStandalone target not found
Mono: successfully reloaded assembly
- Finished resetting the current domain, in  0.253 seconds
Domain Reload Profiling: 557ms
	BeginReloadAssembly (107ms)
		ExecutionOrderSort (0ms)
		DisableScriptedObjects (0ms)
		BackupInstance (0ms)
		ReleaseScriptingObjects (0ms)
		CreateAndSetChildDomain (1ms)
	RebuildCommonClasses (30ms)
	RebuildNativeTypeToScriptingClass (10ms)
	initialDomainReloadingComplete (39ms)
	LoadAllAssembliesAndSetupDomain (118ms)
		LoadAssemblies (105ms)
		RebuildTransferFunctionScriptingTraits (0ms)
		AnalyzeDomain (116ms)
			TypeCache.Refresh (114ms)
				TypeCache.ScanAssembly (103ms)
			BuildScriptInfoCaches (0ms)
			ResolveRequiredComponents (0ms)
	FinalizeReload (253ms)
		ReleaseScriptCaches (0ms)
		RebuildScriptCaches (0ms)
		SetupLoadedEditorAssemblies (227ms)
			LogAssemblyErrors (0ms)
			InitializePlatformSupportModulesInManaged (21ms)
			SetLoadedEditorAssemblies (3ms)
			BeforeProcessingInitializeOnLoad (40ms)
			ProcessInitializeOnLoadAttributes (122ms)
			ProcessInitializeOnLoadMethodAttributes (41ms)
			AfterProcessingInitializeOnLoad (0ms)
			EditorAssembliesLoaded (0ms)
		ExecutionOrderSort2 (0ms)
		AwakeInstancesAfterBackupRestoration (0ms)
========================================================================
Worker process is ready to serve import requests
Import Worker Mode flag is 0x00
Begin MonoManager ReloadAssembly
- Loaded All Assemblies, in  0.640 seconds
Refreshing native plugins compatible for Editor in 0.75 ms, found 3 plugins.
Native extension for WindowsStandalone target not found
[MODES] ModeService[none].Initialize
[MODES] ModeService[none].LoadModes
[MODES] Loading mode Default (0) for mode-current-id-Framed
Mono: successfully reloaded assembly
- Finished resetting the current domain, in  0.743 seconds
Domain Reload Profiling: 1382ms
	BeginReloadAssembly (133ms)
		ExecutionOrderSort (0ms)
		DisableScriptedObjects (5ms)
		BackupInstance (0ms)
		ReleaseScriptingObjects (0ms)
		CreateAndSetChildDomain (26ms)
	RebuildCommonClasses (29ms)
	RebuildNativeTypeToScriptingClass (9ms)
	initialDomainReloadingComplete (32ms)
	LoadAllAssembliesAndSetupDomain (436ms)
		LoadAssemblies (278ms)
		RebuildTransferFunctionScriptingTraits (0ms)
		AnalyzeDomain (236ms)
			TypeCache.Refresh (164ms)
				TypeCache.ScanAssembly (149ms)
			BuildScriptInfoCaches (61ms)
			ResolveRequiredComponents (8ms)
	FinalizeReload (744ms)
		ReleaseScriptCaches (0ms)
		RebuildScriptCaches (0ms)
		SetupLoadedEditorAssemblies (611ms)
			LogAssemblyErrors (0ms)
			InitializePlatformSupportModulesInManaged (2ms)
			SetLoadedEditorAssemblies (5ms)
			BeforeProcessingInitializeOnLoad (98ms)
			ProcessInitializeOnLoadAttributes (395ms)
			ProcessInitializeOnLoadMethodAttributes (105ms)
			AfterProcessingInitializeOnLoad (6ms)
			EditorAssembliesLoaded (0ms)
		ExecutionOrderSort2 (0ms)
		AwakeInstancesAfterBackupRestoration (6ms)
Launched and connected shader compiler UnityShaderCompiler.exe after 0.01 seconds
Refreshing native plugins compatible for Editor in 0.60 ms, found 3 plugins.
Preloading 0 native plugins for Editor in 0.00 ms.
Unloading 287 Unused Serialized files (Serialized files now loaded: 0)
Unloading 7072 unused Assets / (7.6 MB). Loaded Objects now: 7831.
Memory consumption went from 216.6 MB to 208.9 MB.
Total: 9.306400 ms (FindLiveObjects: 0.670700 ms CreateObjectMapping: 0.646900 ms MarkObjects: 4.772900 ms  DeleteObjects: 3.213100 ms)

========================================================================
Received Import Request.
  Time since last request: 34254.219363 seconds.
  path: Assets/Models/Brick Project Studio/Apartment Kit/_Prefabs/Props/Wine Liquor Beer and Glassware - Sample/wine thin glass.prefab
  artifactKey: Guid(14973bbaa08d142449d2405142caff8d) Importer(815301076,1909f56bfc062723c751e8b465ee728b)
Start importing Assets/Models/Brick Project Studio/Apartment Kit/_Prefabs/Props/Wine Liquor Beer and Glassware - Sample/wine thin glass.prefab using Guid(14973bbaa08d142449d2405142caff8d) Importer(815301076,1909f56bfc062723c751e8b465ee728b) (PreviewImporter) -> (artifact id: '6be05f6ea57f6b93e8f7c8d8cf8eb1be') in 0.4287311 seconds
Number of updated asset objects reloaded before import = 0Number of asset objects unloaded after import = 9

========================================================================
Received Import Request.
  Time since last request: 0.000041 seconds.
  path: Assets/Models/Brick Project Studio/Apartment Kit/_Prefabs/Props/Wine Liquor Beer and Glassware - Sample/wine thin glass Red Wine.prefab
  artifactKey: Guid(e32f2e76bad645746b596640d4736354) Importer(815301076,1909f56bfc062723c751e8b465ee728b)
Start importing Assets/Models/Brick Project Studio/Apartment Kit/_Prefabs/Props/Wine Liquor Beer and Glassware - Sample/wine thin glass Red Wine.prefab using Guid(e32f2e76bad645746b596640d4736354) Importer(815301076,1909f56bfc062723c751e8b465ee728b) (PreviewImporter) -> (artifact id: 'e55a0f6471da4f16d61a65390d365571') in 0.0142509 seconds
Number of updated asset objects reloaded before import = 0Number of asset objects unloaded after import = 15

========================================================================
Received Import Request.
  Time since last request: 0.000046 seconds.
  path: Assets/Models/Brick Project Studio/Apartment Kit/Common/Textures/Misc/Wine Bottle Label_04.png
  artifactKey: Guid(3780b80c1edb81545a49231ee5eb991a) Importer(815301076,1909f56bfc062723c751e8b465ee728b)
Start importing Assets/Models/Brick Project Studio/Apartment Kit/Common/Textures/Misc/Wine Bottle Label_04.png using Guid(3780b80c1edb81545a49231ee5eb991a) Importer(815301076,1909f56bfc062723c751e8b465ee728b) (PreviewImporter) -> (artifact id: 'ebaf085eb2be14356504c017f5153628') in 0.0189752 seconds
Number of updated asset objects reloaded before import = 0Number of asset objects unloaded after import = 2

========================================================================
Received Import Request.
  Time since last request: 0.000023 seconds.
  path: Assets/Models/Brick Project Studio/Apartment Kit/_Prefabs/Props/Art/Wall Wine Rack_Apt_01.prefab
  artifactKey: Guid(79b944a6d385a6444a7932d0dd93d9ce) Importer(815301076,1909f56bfc062723c751e8b465ee728b)
Start importing Assets/Models/Brick Project Studio/Apartment Kit/_Prefabs/Props/Art/Wall Wine Rack_Apt_01.prefab using Guid(79b944a6d385a6444a7932d0dd93d9ce) Importer(815301076,1909f56bfc062723c751e8b465ee728b) (PreviewImporter) -> (artifact id: '97abde11e49d46ab1348b716670af5e5') in 0.0151492 seconds
Number of updated asset objects reloaded before import = 0Number of asset objects unloaded after import = 24

========================================================================
Received Import Request.
  Time since last request: 0.000023 seconds.
  path: Assets/Models/Brick Project Studio/Apartment Kit/_Prefabs/Props/Wine Liquor Beer and Glassware - Sample/wine bottle 04_Low Poly.prefab
  artifactKey: Guid(e0f8fa703bcf04a419f5263f5020b059) Importer(815301076,1909f56bfc062723c751e8b465ee728b)
Start importing Assets/Models/Brick Project Studio/Apartment Kit/_Prefabs/Props/Wine Liquor Beer and Glassware - Sample/wine bottle 04_Low Poly.prefab using Guid(e0f8fa703bcf04a419f5263f5020b059) Importer(815301076,1909f56bfc062723c751e8b465ee728b) (PreviewImporter) -> (artifact id: 'f05fd9d4fbda0ae09d91e8be40bdaaae') in 0.0161676 seconds
Number of updated asset objects reloaded before import = 0Number of asset objects unloaded after import = 25

========================================================================
Received Import Request.
  Time since last request: 0.000021 seconds.
  path: Assets/Models/Brick Project Studio/Apartment Kit/_Prefabs/Props/Wine Liquor Beer and Glassware - Sample/wine thin glass White Wine.prefab
  artifactKey: Guid(1b428e366487244448eec04f14964eef) Importer(815301076,1909f56bfc062723c751e8b465ee728b)
Start importing Assets/Models/Brick Project Studio/Apartment Kit/_Prefabs/Props/Wine Liquor Beer and Glassware - Sample/wine thin glass White Wine.prefab using Guid(1b428e366487244448eec04f14964eef) Importer(815301076,1909f56bfc062723c751e8b465ee728b) (PreviewImporter) -> (artifact id: '128c9287abd4e3bbb93ad1cf786542d7') in 0.0120347 seconds
Number of updated asset objects reloaded before import = 0Number of asset objects unloaded after import = 15

========================================================================
Received Import Request.
  Time since last request: 456.575077 seconds.
  path: Assets/Models/Brick Project Studio/Apartment Kit/_Prefabs/Props/Wine Liquor Beer and Glassware - Sample
  artifactKey: Guid(bfea097eda748e445af72b19baa5540e) Importer(815301076,1909f56bfc062723c751e8b465ee728b)
Start importing Assets/Models/Brick Project Studio/Apartment Kit/_Prefabs/Props/Wine Liquor Beer and Glassware - Sample using Guid(bfea097eda748e445af72b19baa5540e) Importer(815301076,1909f56bfc062723c751e8b465ee728b) (PreviewImporter) -> (artifact id: '79e493cd323a922bcaba5819dfc1e309') in 0.0009464 seconds
Number of updated asset objects reloaded before import = 0Number of asset objects unloaded after import = 0

========================================================================
Received Import Request.
  Time since last request: 0.056441 seconds.
  path: Assets/Models/Brick Project Studio/Apartment Kit/_Prefabs/Props/Wine Liquor Beer and Glassware - Sample/CorkScrew_01.prefab
  artifactKey: Guid(22294fbb399136745912705cd64924db) Importer(815301076,1909f56bfc062723c751e8b465ee728b)
Start importing Assets/Models/Brick Project Studio/Apartment Kit/_Prefabs/Props/Wine Liquor Beer and Glassware - Sample/CorkScrew_01.prefab using Guid(22294fbb399136745912705cd64924db) Importer(815301076,1909f56bfc062723c751e8b465ee728b) (PreviewImporter) -> (artifact id: '52a3af21d344cb4d3d2f80a027dd52d8') in 0.042968 seconds
Number of updated asset objects reloaded before import = 0Number of asset objects unloaded after import = 27

========================================================================
Received Import Request.
  Time since last request: 135.981717 seconds.
  path: Assets/Package04_Free_Kitchen/FreeKitchen/Prefabs/Version03/Cabinet02WithEquipment.prefab
  artifactKey: Guid(5d867ba3ec64743609a5096e821ef2c2) Importer(815301076,1909f56bfc062723c751e8b465ee728b)
Start importing Assets/Package04_Free_Kitchen/FreeKitchen/Prefabs/Version03/Cabinet02WithEquipment.prefab using Guid(5d867ba3ec64743609a5096e821ef2c2) Importer(815301076,1909f56bfc062723c751e8b465ee728b) (PreviewImporter) -> (artifact id: '865457db60e75a7005f1f4a25124f3d3') in 0.06492 seconds
Number of updated asset objects reloaded before import = 0Number of asset objects unloaded after import = 232

========================================================================
Received Import Request.
  Time since last request: 299.597902 seconds.
  path: Assets/Models/uploads_files_4157982_round+carpet.fbx
  artifactKey: Guid(ab50d3a242b1fbd42ab47cd03710653f) Importer(815301076,1909f56bfc062723c751e8b465ee728b)
Start importing Assets/Models/uploads_files_4157982_round+carpet.fbx using Guid(ab50d3a242b1fbd42ab47cd03710653f) Importer(815301076,1909f56bfc062723c751e8b465ee728b) (PreviewImporter) -> (artifact id: '1cf08015215473ca0574a1e00447adb6') in 0.0557566 seconds
Number of updated asset objects reloaded before import = 0Number of asset objects unloaded after import = 8

========================================================================
Received Import Request.
  Time since last request: 10.014916 seconds.
  path: Assets/Models/uploads_files_4157982_round+carpet.fbx
  artifactKey: Guid(ab50d3a242b1fbd42ab47cd03710653f) Importer(815301076,1909f56bfc062723c751e8b465ee728b)
Start importing Assets/Models/uploads_files_4157982_round+carpet.fbx using Guid(ab50d3a242b1fbd42ab47cd03710653f) Importer(815301076,1909f56bfc062723c751e8b465ee728b) (PreviewImporter) -> (artifact id: 'ed22bd59789caa70b2d31a72e631ff02') in 0.0263575 seconds
Number of updated asset objects reloaded before import = 0Number of asset objects unloaded after import = 8

========================================================================
Received Import Request.
  Time since last request: 21.063222 seconds.
  path: Assets/Models/Carpet
  artifactKey: Guid(e0e6b82a7f257114f9849df6e164b9c3) Importer(815301076,1909f56bfc062723c751e8b465ee728b)
Start importing Assets/Models/Carpet using Guid(e0e6b82a7f257114f9849df6e164b9c3) Importer(815301076,1909f56bfc062723c751e8b465ee728b) (PreviewImporter) -> (artifact id: '327e22cf1626d285e57b140ffa669916') in 0.0005591 seconds
Number of updated asset objects reloaded before import = 0Number of asset objects unloaded after import = 0

========================================================================
Received Import Request.
  Time since last request: 12.223175 seconds.
  path: Assets/Models/Carpet/carpet_DefaultMaterial_BaseColor.png
  artifactKey: Guid(ead1ad5d1b6a68040a6f0d2bec231af2) Importer(815301076,1909f56bfc062723c751e8b465ee728b)
Start importing Assets/Models/Carpet/carpet_DefaultMaterial_BaseColor.png using Guid(ead1ad5d1b6a68040a6f0d2bec231af2) Importer(815301076,1909f56bfc062723c751e8b465ee728b) (PreviewImporter) -> (artifact id: '5b4ffb1b7359e9a69472fef6b9a75146') in 0.0129075 seconds
Number of updated asset objects reloaded before import = 0Number of asset objects unloaded after import = 2

========================================================================
Received Import Request.
  Time since last request: 0.000018 seconds.
  path: Assets/Models/Carpet/carpet_DefaultMaterial_Metallic.png
  artifactKey: Guid(2d4a8972922473e47b021c3cf34dbe27) Importer(815301076,1909f56bfc062723c751e8b465ee728b)
Start importing Assets/Models/Carpet/carpet_DefaultMaterial_Metallic.png using Guid(2d4a8972922473e47b021c3cf34dbe27) Importer(815301076,1909f56bfc062723c751e8b465ee728b) (PreviewImporter) -> (artifact id: 'c05071202ce1b0f77cffcc26c2cb050e') in 0.0073807 seconds
Number of updated asset objects reloaded before import = 0Number of asset objects unloaded after import = 2

========================================================================
Received Import Request.
  Time since last request: 0.000021 seconds.
  path: Assets/Models/Carpet/carpet_DefaultMaterial_Normal.png
  artifactKey: Guid(b67866757182dc247b9be0713d0408e9) Importer(815301076,1909f56bfc062723c751e8b465ee728b)
Start importing Assets/Models/Carpet/carpet_DefaultMaterial_Normal.png using Guid(b67866757182dc247b9be0713d0408e9) Importer(815301076,1909f56bfc062723c751e8b465ee728b) (PreviewImporter) -> (artifact id: '02f97102b48b70fb09b423508a255fb6') in 0.0164793 seconds
Number of updated asset objects reloaded before import = 0Number of asset objects unloaded after import = 2

========================================================================
Received Import Request.
  Time since last request: 5.977722 seconds.
  path: Assets/Models/Carpet/Carpet.mat
  artifactKey: Guid(70d65455ce845e341ade3fea3ef0ec3b) Importer(815301076,1909f56bfc062723c751e8b465ee728b)
Start importing Assets/Models/Carpet/Carpet.mat using Guid(70d65455ce845e341ade3fea3ef0ec3b) Importer(815301076,1909f56bfc062723c751e8b465ee728b) (PreviewImporter) -> (artifact id: '5ccb0a2d37f82245ebd7f4dc6d9057dd') in 0.0145171 seconds
Number of updated asset objects reloaded before import = 0Number of asset objects unloaded after import = 1

========================================================================
Received Import Request.
  Time since last request: 229.222048 seconds.
  path: Assets/Models/uploads_files_1948543_Television+Unit.fbx
  artifactKey: Guid(04fc0af17fc5c014480e548b9848d04d) Importer(815301076,1909f56bfc062723c751e8b465ee728b)
Start importing Assets/Models/uploads_files_1948543_Television+Unit.fbx using Guid(04fc0af17fc5c014480e548b9848d04d) Importer(815301076,1909f56bfc062723c751e8b465ee728b) (PreviewImporter) -> (artifact id: 'e5e30d4bdf2686f0d93e23fee7c97b6d') in 0.0455228 seconds
Number of updated asset objects reloaded before import = 0Number of asset objects unloaded after import = 21

========================================================================
Received Import Request.
  Time since last request: 7.832640 seconds.
  path: Assets/Models/uploads_files_1948543_Television+Unit.fbx
  artifactKey: Guid(04fc0af17fc5c014480e548b9848d04d) Importer(815301076,1909f56bfc062723c751e8b465ee728b)
Start importing Assets/Models/uploads_files_1948543_Television+Unit.fbx using Guid(04fc0af17fc5c014480e548b9848d04d) Importer(815301076,1909f56bfc062723c751e8b465ee728b) (PreviewImporter) -> (artifact id: '4b37f625b3d071e0efb2c9f5c68386c4') in 0.0428461 seconds
Number of updated asset objects reloaded before import = 0Number of asset objects unloaded after import = 21

========================================================================
Received Import Request.
  Time since last request: 14.268102 seconds.
  path: Assets/Models/uploads_files_1948543_Television+Unit.fbx
  artifactKey: Guid(04fc0af17fc5c014480e548b9848d04d) Importer(815301076,1909f56bfc062723c751e8b465ee728b)
Start importing Assets/Models/uploads_files_1948543_Television+Unit.fbx using Guid(04fc0af17fc5c014480e548b9848d04d) Importer(815301076,1909f56bfc062723c751e8b465ee728b) (PreviewImporter) -> (artifact id: '8ca5c7769d339286741e555b43cc2039') in 0.0382484 seconds
Number of updated asset objects reloaded before import = 0Number of asset objects unloaded after import = 21

========================================================================
Received Import Request.
  Time since last request: 71.358157 seconds.
  path: Assets/Models/TvCabinet
  artifactKey: Guid(ab9ac02d4e4d71345910d228926df0a0) Importer(815301076,1909f56bfc062723c751e8b465ee728b)
Start importing Assets/Models/TvCabinet using Guid(ab9ac02d4e4d71345910d228926df0a0) Importer(815301076,1909f56bfc062723c751e8b465ee728b) (PreviewImporter) -> (artifact id: '467494552ff7ee68e14bd44f6af38098') in 0.0005246 seconds
Number of updated asset objects reloaded before import = 0Number of asset objects unloaded after import = 0

========================================================================
Received Import Request.
  Time since last request: 10.275073 seconds.
  path: Assets/Models/TvCabinet/TV Unit_Base_Color.png
  artifactKey: Guid(09205e43550472a4dbc013ba8cb6b38f) Importer(815301076,1909f56bfc062723c751e8b465ee728b)
Start importing Assets/Models/TvCabinet/TV Unit_Base_Color.png using Guid(09205e43550472a4dbc013ba8cb6b38f) Importer(815301076,1909f56bfc062723c751e8b465ee728b) (PreviewImporter) -> (artifact id: 'b246485d654dba4eb0af85e89c400e89') in 0.0191274 seconds
Number of updated asset objects reloaded before import = 0Number of asset objects unloaded after import = 2

========================================================================
Received Import Request.
  Time since last request: 0.000026 seconds.
  path: Assets/Models/TvCabinet/TV Unit_Roughness.png
  artifactKey: Guid(fd99df3cc67d4d74aa1c4f6277909e62) Importer(815301076,1909f56bfc062723c751e8b465ee728b)
Start importing Assets/Models/TvCabinet/TV Unit_Roughness.png using Guid(fd99df3cc67d4d74aa1c4f6277909e62) Importer(815301076,1909f56bfc062723c751e8b465ee728b) (PreviewImporter) -> (artifact id: '96ad579b3f65e7a7d2b94525dc63f5fd') in 0.0182759 seconds
Number of updated asset objects reloaded before import = 0Number of asset objects unloaded after import = 2

========================================================================
Received Import Request.
  Time since last request: 17.203991 seconds.
  path: Assets/Models/TvCabinet/TVCabin.mat
  artifactKey: Guid(dfa92dac414dfb149a5c3b872d47c110) Importer(815301076,1909f56bfc062723c751e8b465ee728b)
Start importing Assets/Models/TvCabinet/TVCabin.mat using Guid(dfa92dac414dfb149a5c3b872d47c110) Importer(815301076,1909f56bfc062723c751e8b465ee728b) (PreviewImporter) -> (artifact id: 'ccdbf3f6f26344c361cb0a2adf225c59') in 0.0144721 seconds
Number of updated asset objects reloaded before import = 0Number of asset objects unloaded after import = 1

========================================================================
Received Import Request.
  Time since last request: 58.992918 seconds.
  path: Assets/Models/TvCabinet/TV Unit_Normal.png
  artifactKey: Guid(7d04b0b6d2941024a85cebf493910f3f) Importer(815301076,1909f56bfc062723c751e8b465ee728b)
Start importing Assets/Models/TvCabinet/TV Unit_Normal.png using Guid(7d04b0b6d2941024a85cebf493910f3f) Importer(815301076,1909f56bfc062723c751e8b465ee728b) (PreviewImporter) -> (artifact id: '2e068a0233305c3f36634e68830cb34f') in 0.0246733 seconds
Number of updated asset objects reloaded before import = 0Number of asset objects unloaded after import = 2

========================================================================
Received Import Request.
  Time since last request: 28.333040 seconds.
  path: Assets/Materials/Wall.mat
  artifactKey: Guid(4a664c398df16bb478bccb8c1e8a90de) Importer(815301076,1909f56bfc062723c751e8b465ee728b)
Start importing Assets/Materials/Wall.mat using Guid(4a664c398df16bb478bccb8c1e8a90de) Importer(815301076,1909f56bfc062723c751e8b465ee728b) (PreviewImporter) -> (artifact id: '508bedfb693b5a8836651bfb2aab0763') in 0.0177148 seconds
Number of updated asset objects reloaded before import = 0Number of asset objects unloaded after import = 2

========================================================================
Received Import Request.
  Time since last request: 79.272395 seconds.
  path: Assets/Models/Brick Project Studio/Apartment Kit/Common/Textures/Surface/AdlerWood_01_A.png
  artifactKey: Guid(3896f4ca02b49124dbe88348af6cd90b) Importer(815301076,1909f56bfc062723c751e8b465ee728b)
Start importing Assets/Models/Brick Project Studio/Apartment Kit/Common/Textures/Surface/AdlerWood_01_A.png using Guid(3896f4ca02b49124dbe88348af6cd90b) Importer(815301076,1909f56bfc062723c751e8b465ee728b) (PreviewImporter) -> (artifact id: '643aa6529dfc6750eda0e7e2f613b945') in 0.0135189 seconds
Number of updated asset objects reloaded before import = 0Number of asset objects unloaded after import = 2

========================================================================
Received Import Request.
  Time since last request: 0.000033 seconds.
  path: Assets/Models/Furniture/Bathroom/Corona Material/basket wood.jpg
  artifactKey: Guid(b7f9a99949d50564b8a5817d0f0483f4) Importer(815301076,1909f56bfc062723c751e8b465ee728b)
Start importing Assets/Models/Furniture/Bathroom/Corona Material/basket wood.jpg using Guid(b7f9a99949d50564b8a5817d0f0483f4) Importer(815301076,1909f56bfc062723c751e8b465ee728b) (PreviewImporter) -> (artifact id: '9b130c635eb9dcd89ef2cb089b00038a') in 0.0102299 seconds
Number of updated asset objects reloaded before import = 0Number of asset objects unloaded after import = 2

========================================================================
Received Import Request.
  Time since last request: 0.029769 seconds.
  path: Assets/Models/Brick Project Studio/Apartment Kit/_Prefabs/Props/Kitchen/Bowl_Apt_01_Stacked.prefab
  artifactKey: Guid(143623a82f19a9e49b450142a80c6d52) Importer(815301076,1909f56bfc062723c751e8b465ee728b)
Start importing Assets/Models/Brick Project Studio/Apartment Kit/_Prefabs/Props/Kitchen/Bowl_Apt_01_Stacked.prefab using Guid(143623a82f19a9e49b450142a80c6d52) Importer(815301076,1909f56bfc062723c751e8b465ee728b) (PreviewImporter) -> (artifact id: 'bc3316dd491da81e26faed643fda949f') in 0.0296385 seconds
Number of updated asset objects reloaded before import = 0Number of asset objects unloaded after import = 11

========================================================================
Received Import Request.
  Time since last request: 252.615690 seconds.
  path: Assets/Models/Curtains_BT__corona.fbx
  artifactKey: Guid(ed5ee86e062690e45a90d4f735aae75d) Importer(815301076,1909f56bfc062723c751e8b465ee728b)
Start importing Assets/Models/Curtains_BT__corona.fbx using Guid(ed5ee86e062690e45a90d4f735aae75d) Importer(815301076,1909f56bfc062723c751e8b465ee728b) (PreviewImporter) -> (artifact id: '5d1cec1cce1bf0b1077447c63de0acf2') in 0.0799779 seconds
Number of updated asset objects reloaded before import = 0Number of asset objects unloaded after import = 10

========================================================================
Received Import Request.
  Time since last request: 49.724748 seconds.
  path: Assets/Models/Curtain
  artifactKey: Guid(228daf8c85097104fae747444176d478) Importer(815301076,1909f56bfc062723c751e8b465ee728b)
Start importing Assets/Models/Curtain using Guid(228daf8c85097104fae747444176d478) Importer(815301076,1909f56bfc062723c751e8b465ee728b) (PreviewImporter) -> (artifact id: 'a58c5e797d95835d117ba0abc896c102') in 0.0005364 seconds
Number of updated asset objects reloaded before import = 0Number of asset objects unloaded after import = 0

========================================================================
Received Import Request.
  Time since last request: 9.894846 seconds.
  path: Assets/Models/Curtain/Curtains_BT_Curtains_BT_bump NRM.jpg
  artifactKey: Guid(0a92d3615a7eb2d40a7e56985a501e3e) Importer(815301076,1909f56bfc062723c751e8b465ee728b)
Start importing Assets/Models/Curtain/Curtains_BT_Curtains_BT_bump NRM.jpg using Guid(0a92d3615a7eb2d40a7e56985a501e3e) Importer(815301076,1909f56bfc062723c751e8b465ee728b) (PreviewImporter) -> (artifact id: '56e0e8aad4f3d9989097de2afeff385b') in 0.0173769 seconds
Number of updated asset objects reloaded before import = 0Number of asset objects unloaded after import = 2

========================================================================
Received Import Request.
  Time since last request: 5.870176 seconds.
  path: Assets/Models/Curtain/Curtain.mat
  artifactKey: Guid(e9f62215dfa54c146b1268bfe71eb06d) Importer(815301076,1909f56bfc062723c751e8b465ee728b)
Start importing Assets/Models/Curtain/Curtain.mat using Guid(e9f62215dfa54c146b1268bfe71eb06d) Importer(815301076,1909f56bfc062723c751e8b465ee728b) (PreviewImporter) -> (artifact id: '37dc09283e7d8a23d26413d3a4a32e33') in 0.0131547 seconds
Number of updated asset objects reloaded before import = 0Number of asset objects unloaded after import = 1

========================================================================
Received Import Request.
  Time since last request: 25.246094 seconds.
  path: Assets/Models/Curtain/Curtains_BT_Curtains_BT_bump NRM.jpg
  artifactKey: Guid(0a92d3615a7eb2d40a7e56985a501e3e) Importer(815301076,1909f56bfc062723c751e8b465ee728b)
Start importing Assets/Models/Curtain/Curtains_BT_Curtains_BT_bump NRM.jpg using Guid(0a92d3615a7eb2d40a7e56985a501e3e) Importer(815301076,1909f56bfc062723c751e8b465ee728b) (PreviewImporter) -> (artifact id: '03ef2782b66b134a0c9bd2b0bdce412f') in 0.0141058 seconds
Number of updated asset objects reloaded before import = 0Number of asset objects unloaded after import = 2

========================================================================
Received Import Request.
  Time since last request: 31.114020 seconds.
  path: Assets/Models/Carpet/Carpet.mat
  artifactKey: Guid(70d65455ce845e341ade3fea3ef0ec3b) Importer(815301076,1909f56bfc062723c751e8b465ee728b)
Start importing Assets/Models/Carpet/Carpet.mat using Guid(70d65455ce845e341ade3fea3ef0ec3b) Importer(815301076,1909f56bfc062723c751e8b465ee728b) (PreviewImporter) -> (artifact id: 'a7a4365529c52564d8a7d658628d5786') in 0.0212548 seconds
Number of updated asset objects reloaded before import = 0Number of asset objects unloaded after import = 5

========================================================================
Received Import Request.
  Time since last request: 0.766923 seconds.
  path: Assets/Models/Sofia Doll/DollBody.mat
  artifactKey: Guid(a3c2a18efa53d7343a9dd386dfecd36f) Importer(815301076,1909f56bfc062723c751e8b465ee728b)
Start importing Assets/Models/Sofia Doll/DollBody.mat using Guid(a3c2a18efa53d7343a9dd386dfecd36f) Importer(815301076,1909f56bfc062723c751e8b465ee728b) (PreviewImporter) -> (artifact id: 'df216a3436eeb548237739b116087cc7') in 0.0208624 seconds
Number of updated asset objects reloaded before import = 0Number of asset objects unloaded after import = 4

========================================================================
Received Import Request.
  Time since last request: 0.839742 seconds.
  path: Assets/Package04_Free_Kitchen/FreeKitchen/Materials/Version03/FreeEquipment02Material.mat
  artifactKey: Guid(42df36dd2cf5443a3aaa1df4cbc438d4) Importer(815301076,1909f56bfc062723c751e8b465ee728b)
Start importing Assets/Package04_Free_Kitchen/FreeKitchen/Materials/Version03/FreeEquipment02Material.mat using Guid(42df36dd2cf5443a3aaa1df4cbc438d4) Importer(815301076,1909f56bfc062723c751e8b465ee728b) (PreviewImporter) -> (artifact id: '467a0acafbcc1e3544c35675183ae76c') in 0.0196853 seconds
Number of updated asset objects reloaded before import = 0Number of asset objects unloaded after import = 5

========================================================================
Received Import Request.
  Time since last request: 0.043723 seconds.
  path: Assets/Package04_Free_Kitchen/FreeKitchen/Materials/Version03/FreeRoomAccessoriesMaterial.mat
  artifactKey: Guid(f169e9ddef99845198915d08232fbfa1) Importer(815301076,1909f56bfc062723c751e8b465ee728b)
Start importing Assets/Package04_Free_Kitchen/FreeKitchen/Materials/Version03/FreeRoomAccessoriesMaterial.mat using Guid(f169e9ddef99845198915d08232fbfa1) Importer(815301076,1909f56bfc062723c751e8b465ee728b) (PreviewImporter) -> (artifact id: '763d82ca41059888f283fbcea36eb063') in 0.0202233 seconds
Number of updated asset objects reloaded before import = 0Number of asset objects unloaded after import = 5

========================================================================
Received Import Request.
  Time since last request: 107.689847 seconds.
  path: Assets/Models/Furniture/Door/glass.mat
  artifactKey: Guid(7febdf4b3c6402f4182a6052585e5864) Importer(815301076,1909f56bfc062723c751e8b465ee728b)
Start importing Assets/Models/Furniture/Door/glass.mat using Guid(7febdf4b3c6402f4182a6052585e5864) Importer(815301076,1909f56bfc062723c751e8b465ee728b) (PreviewImporter) -> (artifact id: '11328e7083d41e454b26cc13d7ca03dd') in 0.0136277 seconds
Number of updated asset objects reloaded before import = 0Number of asset objects unloaded after import = 1

========================================================================
Received Import Request.
  Time since last request: 30.483630 seconds.
  path: Assets/Models/Curtain/Curtain.mat
  artifactKey: Guid(e9f62215dfa54c146b1268bfe71eb06d) Importer(815301076,1909f56bfc062723c751e8b465ee728b)
Start importing Assets/Models/Curtain/Curtain.mat using Guid(e9f62215dfa54c146b1268bfe71eb06d) Importer(815301076,1909f56bfc062723c751e8b465ee728b) (PreviewImporter) -> (artifact id: 'ede22e7c28999e4110a205247b666ddd') in 0.0241737 seconds
Number of updated asset objects reloaded before import = 0Number of asset objects unloaded after import = 4

========================================================================
Received Import Request.
  Time since last request: 768.130865 seconds.
  path: Assets/Models/uploads_files_797866_ForKS.fbx
  artifactKey: Guid(df3fd81ef07981742a3132d260eb9807) Importer(815301076,1909f56bfc062723c751e8b465ee728b)
Start importing Assets/Models/uploads_files_797866_ForKS.fbx using Guid(df3fd81ef07981742a3132d260eb9807) Importer(815301076,1909f56bfc062723c751e8b465ee728b) (PreviewImporter) -> (artifact id: 'd06a9e9b94561454cf4ccf6b0c152583') in 0.1292015 seconds
Number of updated asset objects reloaded before import = 0Number of asset objects unloaded after import = 37

========================================================================
Received Import Request.
  Time since last request: 51.343362 seconds.
  path: Assets/Models/uploads_files_1894615_2_coffee+table_fbx.FBX
  artifactKey: Guid(6d36940ec31a68a4ebc2b93b8c07513f) Importer(815301076,1909f56bfc062723c751e8b465ee728b)
Start importing Assets/Models/uploads_files_1894615_2_coffee+table_fbx.FBX using Guid(6d36940ec31a68a4ebc2b93b8c07513f) Importer(815301076,1909f56bfc062723c751e8b465ee728b) (PreviewImporter) -> (artifact id: '275cc495c581ece57d99131c8dab7f24') in 0.2663342 seconds
Number of updated asset objects reloaded before import = 0Number of asset objects unloaded after import = 56

========================================================================
Received Import Request.
  Time since last request: 38.825636 seconds.
  path: Assets/Models/uploads_files_1894615_2_coffee+table_fbx.FBX
  artifactKey: Guid(6d36940ec31a68a4ebc2b93b8c07513f) Importer(815301076,1909f56bfc062723c751e8b465ee728b)
Start importing Assets/Models/uploads_files_1894615_2_coffee+table_fbx.FBX using Guid(6d36940ec31a68a4ebc2b93b8c07513f) Importer(815301076,1909f56bfc062723c751e8b465ee728b) (PreviewImporter) -> (artifact id: 'bec55f5764b3df81da252a4049dd0a21') in 0.0789062 seconds
Number of updated asset objects reloaded before import = 0Number of asset objects unloaded after import = 56

========================================================================
Received Import Request.
  Time since last request: 193.714978 seconds.
  path: Assets/Models/diesel_coffee_table_a+studio.FBX
  artifactKey: Guid(81dfea3bfc195d444917f9325bc9d6c5) Importer(815301076,1909f56bfc062723c751e8b465ee728b)
Start importing Assets/Models/diesel_coffee_table_a+studio.FBX using Guid(81dfea3bfc195d444917f9325bc9d6c5) Importer(815301076,1909f56bfc062723c751e8b465ee728b) (PreviewImporter) -> (artifact id: '26a8aac88e5021b99d77e0133faae1f3') in 0.1257401 seconds
Number of updated asset objects reloaded before import = 0Number of asset objects unloaded after import = 10

========================================================================
Received Import Request.
  Time since last request: 8.513586 seconds.
  path: Assets/Models/diesel_coffee_table_a+studio.FBX
  artifactKey: Guid(81dfea3bfc195d444917f9325bc9d6c5) Importer(815301076,1909f56bfc062723c751e8b465ee728b)
Start importing Assets/Models/diesel_coffee_table_a+studio.FBX using Guid(81dfea3bfc195d444917f9325bc9d6c5) Importer(815301076,1909f56bfc062723c751e8b465ee728b) (PreviewImporter) -> (artifact id: '7e8565ef8205408f2511d212bbf4a3bf') in 0.0272099 seconds
Number of updated asset objects reloaded before import = 0Number of asset objects unloaded after import = 10

========================================================================
Received Import Request.
  Time since last request: 73.007311 seconds.
  path: Assets/Models/CoffeeTable
  artifactKey: Guid(8b707377d955f144986ee96285349053) Importer(815301076,1909f56bfc062723c751e8b465ee728b)
Start importing Assets/Models/CoffeeTable using Guid(8b707377d955f144986ee96285349053) Importer(815301076,1909f56bfc062723c751e8b465ee728b) (PreviewImporter) -> (artifact id: '0de9b14b08a9442b8edfd5aa078b988c') in 0.0006377 seconds
Number of updated asset objects reloaded before import = 0Number of asset objects unloaded after import = 0

========================================================================
Received Import Request.
  Time since last request: 13.934409 seconds.
  path: Assets/Models/CoffeeTable/Metal_refl_03.jpg
  artifactKey: Guid(e465002ed3d962f4f91e9ffd14fde051) Importer(815301076,1909f56bfc062723c751e8b465ee728b)
Start importing Assets/Models/CoffeeTable/Metal_refl_03.jpg using Guid(e465002ed3d962f4f91e9ffd14fde051) Importer(815301076,1909f56bfc062723c751e8b465ee728b) (PreviewImporter) -> (artifact id: 'b18ce5cdd9855c83b1a393d8df1cddbf') in 0.0306922 seconds
Number of updated asset objects reloaded before import = 0Number of asset objects unloaded after import = 2

========================================================================
Received Import Request.
  Time since last request: 0.000018 seconds.
  path: Assets/Models/CoffeeTable/wood_side_02.jpg
  artifactKey: Guid(c32a725eba5b1004c99d1fb1c13b1684) Importer(815301076,1909f56bfc062723c751e8b465ee728b)
Start importing Assets/Models/CoffeeTable/wood_side_02.jpg using Guid(c32a725eba5b1004c99d1fb1c13b1684) Importer(815301076,1909f56bfc062723c751e8b465ee728b) (PreviewImporter) -> (artifact id: '40b34656cf27b00cb9bc62da3ac4e756') in 0.0282334 seconds
Number of updated asset objects reloaded before import = 0Number of asset objects unloaded after import = 2

========================================================================
Received Import Request.
  Time since last request: 0.000018 seconds.
  path: Assets/Models/CoffeeTable/wood_grunge_blue_DIFF_2.jpg
  artifactKey: Guid(efd1d48cb00241046a1013494b450292) Importer(815301076,1909f56bfc062723c751e8b465ee728b)
Start importing Assets/Models/CoffeeTable/wood_grunge_blue_DIFF_2.jpg using Guid(efd1d48cb00241046a1013494b450292) Importer(815301076,1909f56bfc062723c751e8b465ee728b) (PreviewImporter) -> (artifact id: '5dc289f10f2051870359fa0c2cde8099') in 0.021433 seconds
Number of updated asset objects reloaded before import = 0Number of asset objects unloaded after import = 2

========================================================================
Received Import Request.
  Time since last request: 4.109049 seconds.
  path: Assets/Models/CoffeeTable/New Material.mat
  artifactKey: Guid(ab8f140d26a86604498b8d012add7c2b) Importer(815301076,1909f56bfc062723c751e8b465ee728b)
Start importing Assets/Models/CoffeeTable/New Material.mat using Guid(ab8f140d26a86604498b8d012add7c2b) Importer(815301076,1909f56bfc062723c751e8b465ee728b) (PreviewImporter) -> (artifact id: '162398cd1b6a36310476dc02ccec7db5') in 0.0227131 seconds
Number of updated asset objects reloaded before import = 0Number of asset objects unloaded after import = 1

========================================================================
Received Import Request.
  Time since last request: 10.813586 seconds.
  path: Assets/Models/CoffeeTable/WoodGrund.mat
  artifactKey: Guid(ab8f140d26a86604498b8d012add7c2b) Importer(815301076,1909f56bfc062723c751e8b465ee728b)
Start importing Assets/Models/CoffeeTable/WoodGrund.mat using Guid(ab8f140d26a86604498b8d012add7c2b) Importer(815301076,1909f56bfc062723c751e8b465ee728b) (PreviewImporter) -> (artifact id: '07d2ef3c6ec9ceb06d2507d457955a3e') in 0.0155551 seconds
Number of updated asset objects reloaded before import = 0Number of asset objects unloaded after import = 1

========================================================================
Received Import Request.
  Time since last request: 3.918159 seconds.
  path: Assets/Models/CoffeeTable/WoodGrunge.mat
  artifactKey: Guid(ab8f140d26a86604498b8d012add7c2b) Importer(815301076,1909f56bfc062723c751e8b465ee728b)
Start importing Assets/Models/CoffeeTable/WoodGrunge.mat using Guid(ab8f140d26a86604498b8d012add7c2b) Importer(815301076,1909f56bfc062723c751e8b465ee728b) (PreviewImporter) -> (artifact id: '66293652e68ddd19fd1b3388dc8a8993') in 0.0220066 seconds
Number of updated asset objects reloaded before import = 0Number of asset objects unloaded after import = 1

========================================================================
Received Import Request.
  Time since last request: 2871.324629 seconds.
  path: Assets/Models/DVD player.fbx
  artifactKey: Guid(178404752d6edac4db3ddeea6d847748) Importer(815301076,1909f56bfc062723c751e8b465ee728b)
Start importing Assets/Models/DVD player.fbx using Guid(178404752d6edac4db3ddeea6d847748) Importer(815301076,1909f56bfc062723c751e8b465ee728b) (PreviewImporter) -> (artifact id: '89e33ce1b51f42e2559f831c5eba4eda') in 0.072313 seconds
Number of updated asset objects reloaded before import = 0Number of asset objects unloaded after import = 8

========================================================================
Received Import Request.
  Time since last request: 20.173421 seconds.
  path: Assets/Models/DVD player.fbx
  artifactKey: Guid(178404752d6edac4db3ddeea6d847748) Importer(815301076,1909f56bfc062723c751e8b465ee728b)
Start importing Assets/Models/DVD player.fbx using Guid(178404752d6edac4db3ddeea6d847748) Importer(815301076,1909f56bfc062723c751e8b465ee728b) (PreviewImporter) -> (artifact id: '0f68f05ecb37a718a3a2a0b63a778e0a') in 0.0213749 seconds
Number of updated asset objects reloaded before import = 0Number of asset objects unloaded after import = 8

========================================================================
Received Import Request.
  Time since last request: 3.452583 seconds.
  path: Assets/Models/DVD player.fbx
  artifactKey: Guid(178404752d6edac4db3ddeea6d847748) Importer(815301076,1909f56bfc062723c751e8b465ee728b)
Start importing Assets/Models/DVD player.fbx using Guid(178404752d6edac4db3ddeea6d847748) Importer(815301076,1909f56bfc062723c751e8b465ee728b) (PreviewImporter) -> (artifact id: 'a8c3686043f17b6c3f4cc2279b92a380') in 0.0215075 seconds
Number of updated asset objects reloaded before import = 0Number of asset objects unloaded after import = 8

========================================================================
Received Import Request.
  Time since last request: 9.124004 seconds.
  path: Assets/Models/DVD player.fbx
  artifactKey: Guid(178404752d6edac4db3ddeea6d847748) Importer(815301076,1909f56bfc062723c751e8b465ee728b)
Start importing Assets/Models/DVD player.fbx using Guid(178404752d6edac4db3ddeea6d847748) Importer(815301076,1909f56bfc062723c751e8b465ee728b) (PreviewImporter) -> (artifact id: '45b5f50dda3614ceda5d5c1451c5268a') in 0.0218836 seconds
Number of updated asset objects reloaded before import = 0Number of asset objects unloaded after import = 8

========================================================================
Received Import Request.
  Time since last request: 16.733232 seconds.
  path: Assets/Models/DVD
  artifactKey: Guid(aa9c3b8573a3b65489da62711453f7ee) Importer(815301076,1909f56bfc062723c751e8b465ee728b)
Start importing Assets/Models/DVD using Guid(aa9c3b8573a3b65489da62711453f7ee) Importer(815301076,1909f56bfc062723c751e8b465ee728b) (PreviewImporter) -> (artifact id: '10bf100270609e1045837f25fe36a6cc') in 0.0005794 seconds
Number of updated asset objects reloaded before import = 0Number of asset objects unloaded after import = 0

========================================================================
Received Import Request.
  Time since last request: 6.614391 seconds.
  path: Assets/Models/DVD/dvd player01.jpg
  artifactKey: Guid(731f8f9ce7887c141a34976f00807a08) Importer(815301076,1909f56bfc062723c751e8b465ee728b)
Start importing Assets/Models/DVD/dvd player01.jpg using Guid(731f8f9ce7887c141a34976f00807a08) Importer(815301076,1909f56bfc062723c751e8b465ee728b) (PreviewImporter) -> (artifact id: '842d3476f87e8c742033a97a0eedbe47') in 0.0231361 seconds
Number of updated asset objects reloaded before import = 0Number of asset objects unloaded after import = 2

========================================================================
Received Import Request.
  Time since last request: 14.099994 seconds.
  path: Assets/Models/DVD/New Material.mat
  artifactKey: Guid(33b09e9335fa42542a8ab75045df4795) Importer(815301076,1909f56bfc062723c751e8b465ee728b)
Start importing Assets/Models/DVD/New Material.mat using Guid(33b09e9335fa42542a8ab75045df4795) Importer(815301076,1909f56bfc062723c751e8b465ee728b) (PreviewImporter) -> (artifact id: 'd65577f2b857e0a69707aed220fb0114') in 0.0151734 seconds
Number of updated asset objects reloaded before import = 0Number of asset objects unloaded after import = 1

